This file contains any messages produced by compilers while
running configure, to aid debugging if configure makes a mistake.

It was created by cpu configure 0.0.1, which was
generated by GNU Autoconf 2.69.  Invocation command line was

  $ ./configure --target=x86_64-mandriva-linux-gnu --host=x86_64-mandriva-linux-gnu --build=x86_64-mandriva-linux-gnu --disable-silent-rules --disable-dependency-tracking --disable-rpath --program-prefix= --prefix=/usr --exec-prefix=/usr --bindir=/usr/bin --sbindir=/usr/sbin --sysconfdir=/etc --datadir=/usr/share --includedir=/usr/include --libdir=/usr/lib64 --libexecdir=/usr/libexec --localstatedir=/var --sharedstatedir=/usr/com --mandir=/usr/share/man --infodir=/usr/share/info --x-includes=/usr/include --x-libraries=/usr/lib64 --disable-static build_alias=x86_64-mandriva-linux-gnu host_alias=x86_64-mandriva-linux-gnu target_alias=x86_64-mandriva-linux-gnu CFLAGS=-O2 -Wa,--compress-debug-sections -gdwarf-4 -fvar-tracking-assignments -frecord-gcc-switches -Wstrict-aliasing=2 -pipe  -Wp,-D_FORTIFY_SOURCE=2 -fstack-protector --param=ssp-buffer-size=4  -fPIC LDFLAGS= -Wl,--no-undefined  --no-create --no-recursion

## --------- ##
## Platform. ##
## --------- ##

hostname = localhost.localdomain
uname -m = x86_64
uname -r = 3.18.12-nrjQL-desktop-1omv
uname -s = Linux
uname -v = #1 SMP PREEMPT Sat Apr 25 17:44:51 UTC 2015

/usr/bin/uname -p = unknown
/bin/uname -X     = unknown

/bin/arch              = x86_64
/usr/bin/arch -k       = unknown
/usr/convex/getsysinfo = unknown
/usr/bin/hostinfo      = unknown
/bin/machine           = unknown
/usr/bin/oslevel       = unknown
/bin/universe          = unknown

PATH: /usr/local/bin
PATH: /usr/bin
PATH: /bin
PATH: /usr/X11R6/bin
PATH: /usr/games
PATH: /usr/lib/qt4/bin
PATH: /home/colin/bin


## ----------- ##
## Core tests. ##
## ----------- ##

configure:2204: checking build system type
configure:2218: result: x86_64-mandriva-linux-gnu
configure:2238: checking host system type
configure:2251: result: x86_64-mandriva-linux-gnu
configure:2282: checking for x86_64-mandriva-linux-gnu-gcc
configure:2298: found /usr/bin/x86_64-mandriva-linux-gnu-gcc
configure:2309: result: x86_64-mandriva-linux-gnu-gcc
configure:2578: checking for C compiler version
configure:2587: x86_64-mandriva-linux-gnu-gcc --version >&5
x86_64-mandriva-linux-gnu-gcc (Linaro GCC 4.8-2014.01) 4.8.3 20140106 (OpenMandriva Association)
Copyright (C) 2013 Free Software Foundation, Inc.
This is free software; see the source for copying conditions.  There is NO
warranty; not even for MERCHANTABILITY or FITNESS FOR A PARTICULAR PURPOSE.

configure:2598: $? = 0
configure:2587: x86_64-mandriva-linux-gnu-gcc -v >&5
Using built-in specs.
COLLECT_GCC=x86_64-mandriva-linux-gnu-gcc
COLLECT_LTO_WRAPPER=/usr/libexec/gcc/x86_64-mandriva-linux-gnu/4.8.3/lto-wrapper
Target: x86_64-mandriva-linux-gnu
Configured with: ../configure --prefix=/usr --libdir=/usr/lib64 --mandir=/usr/share/man --infodir=/usr/share/info --disable-libjava-multilib --with-java-home=/usr/lib/jvm/java-1.5.0-gcj-1.5.0.0/jre --with-ecj-jar=/usr/share/java/eclipse-ecj.jar --enable-java-awt=gtk --enable-gtk-cairo --with-cloog --with-ppl --enable-cloog-backend=isl --disable-cloog-version-check --disable-libssp --disable-libunwind-exceptions --disable-werror --enable-__cxa_atexit --enable-gold=default --with-plugin-ld=/usr/bin/ld --enable-bootstrap --enable-checking=release --enable-gnu-unique-object --enable-languages=c,ada,c++,fortran,go,java,lto,objc,obj-c++ --enable-linker-build-id --enable-plugin --enable-lto --enable-shared --enable-threads=posix --with-system-zlib --with-bugurl=https://issues.openmandriva.org/ --with-tune=generic --with-arch_32=i586 --with-multilib-list=m32,m64 --host=x86_64-mandriva-linux-gnu --build=x86_64-mandriva-linux-gnu --target=x86_64-mandriva-linux-gnu
Thread model: posix
gcc version 4.8.3 20140106 (OpenMandriva Association) (Linaro GCC 4.8-2014.01) 
configure:2598: $? = 0
configure:2587: x86_64-mandriva-linux-gnu-gcc -V >&5
x86_64-mandriva-linux-gnu-gcc: error: unrecognized command line option '-V'
x86_64-mandriva-linux-gnu-gcc: fatal error: no input files
compilation terminated.
configure:2598: $? = 1
configure:2587: x86_64-mandriva-linux-gnu-gcc -qversion >&5
x86_64-mandriva-linux-gnu-gcc: error: unrecognized command line option '-qversion'
x86_64-mandriva-linux-gnu-gcc: fatal error: no input files
compilation terminated.
configure:2598: $? = 1
configure:2618: checking whether the C compiler works
configure:2640: x86_64-mandriva-linux-gnu-gcc -O2 -Wa,--compress-debug-sections -gdwarf-4 -fvar-tracking-assignments -frecord-gcc-switches -Wstrict-aliasing=2 -pipe  -Wp,-D_FORTIFY_SOURCE=2 -fstack-protector --param=ssp-buffer-size=4  -fPIC   -Wl,--no-undefined  conftest.c  >&5
configure:2644: $? = 0
configure:2692: result: yes
configure:2695: checking for C compiler default output file name
configure:2697: result: a.out
configure:2703: checking for suffix of executables
configure:2710: x86_64-mandriva-linux-gnu-gcc -o conftest -O2 -Wa,--compress-debug-sections -gdwarf-4 -fvar-tracking-assignments -frecord-gcc-switches -Wstrict-aliasing=2 -pipe  -Wp,-D_FORTIFY_SOURCE=2 -fstack-protector --param=ssp-buffer-size=4  -fPIC   -Wl,--no-undefined  conftest.c  >&5
configure:2714: $? = 0
configure:2736: result: 
configure:2758: checking whether we are cross compiling
configure:2766: x86_64-mandriva-linux-gnu-gcc -o conftest -O2 -Wa,--compress-debug-sections -gdwarf-4 -fvar-tracking-assignments -frecord-gcc-switches -Wstrict-aliasing=2 -pipe  -Wp,-D_FORTIFY_SOURCE=2 -fstack-protector --param=ssp-buffer-size=4  -fPIC   -Wl,--no-undefined  conftest.c  >&5
configure:2770: $? = 0
configure:2777: ./conftest
configure:2781: $? = 0
configure:2796: result: no
configure:2801: checking for suffix of object files
configure:2823: x86_64-mandriva-linux-gnu-gcc -c -O2 -Wa,--compress-debug-sections -gdwarf-4 -fvar-tracking-assignments -frecord-gcc-switches -Wstrict-aliasing=2 -pipe  -Wp,-D_FORTIFY_SOURCE=2 -fstack-protector --param=ssp-buffer-size=4  -fPIC  conftest.c >&5
configure:2827: $? = 0
configure:2848: result: o
configure:2852: checking whether we are using the GNU C compiler
configure:2871: x86_64-mandriva-linux-gnu-gcc -c -O2 -Wa,--compress-debug-sections -gdwarf-4 -fvar-tracking-assignments -frecord-gcc-switches -Wstrict-aliasing=2 -pipe  -Wp,-D_FORTIFY_SOURCE=2 -fstack-protector --param=ssp-buffer-size=4  -fPIC  conftest.c >&5
configure:2871: $? = 0
configure:2880: result: yes
configure:2889: checking whether x86_64-mandriva-linux-gnu-gcc accepts -g
configure:2909: x86_64-mandriva-linux-gnu-gcc -c -g  conftest.c >&5
configure:2909: $? = 0
configure:2950: result: yes
configure:2967: checking for x86_64-mandriva-linux-gnu-gcc option to accept ISO C89
configure:3030: x86_64-mandriva-linux-gnu-gcc  -c -O2 -Wa,--compress-debug-sections -gdwarf-4 -fvar-tracking-assignments -frecord-gcc-switches -Wstrict-aliasing=2 -pipe  -Wp,-D_FORTIFY_SOURCE=2 -fstack-protector --param=ssp-buffer-size=4  -fPIC  conftest.c >&5
configure:3030: $? = 0
configure:3043: result: none needed
configure:3068: checking whether x86_64-mandriva-linux-gnu-gcc understands -c and -o together
configure:3090: x86_64-mandriva-linux-gnu-gcc -c conftest.c -o conftest2.o
configure:3093: $? = 0
configure:3090: x86_64-mandriva-linux-gnu-gcc -c conftest.c -o conftest2.o
configure:3093: $? = 0
configure:3105: result: yes
configure:3124: checking for strerror in -lcposix
configure:3149: x86_64-mandriva-linux-gnu-gcc -o conftest -O2 -Wa,--compress-debug-sections -gdwarf-4 -fvar-tracking-assignments -frecord-gcc-switches -Wstrict-aliasing=2 -pipe  -Wp,-D_FORTIFY_SOURCE=2 -fstack-protector --param=ssp-buffer-size=4  -fPIC   -Wl,--no-undefined  conftest.c -lcposix   >&5
/usr/bin/ld: error: cannot find -lcposix
collect2: error: ld returned 1 exit status
configure:3149: $? = 1
configure: failed program was:
| /* confdefs.h */
| #define PACKAGE_NAME "cpu"
| #define PACKAGE_TARNAME "cpu"
| #define PACKAGE_VERSION "0.0.1"
| #define PACKAGE_STRING "cpu 0.0.1"
| #define PACKAGE_BUGREPORT "enlightenment-devel@lists.sourceforge.net"
| #define PACKAGE_URL ""
| /* end confdefs.h.  */
| 
| /* Override any GCC internal prototype to avoid an error.
|    Use char because int might match the return type of a GCC
|    builtin and then its argument prototype would still apply.  */
| #ifdef __cplusplus
| extern "C"
| #endif
| char strerror ();
| int
| main ()
| {
| return strerror ();
|   ;
|   return 0;
| }
configure:3158: result: no
configure:3183: checking for a BSD-compatible install
configure:3251: result: /usr/bin/install -c
configure:3262: checking whether build environment is sane
configure:3317: result: yes
configure:3465: checking for a thread-safe mkdir -p
configure:3504: result: /bin/mkdir -p
configure:3511: checking for gawk
configure:3527: found /usr/bin/gawk
configure:3538: result: gawk
configure:3549: checking whether make sets $(MAKE)
configure:3571: result: yes
configure:3601: checking for style of include used by make
configure:3629: result: GNU
configure:3663: checking whether make supports nested variables
configure:3680: result: yes
configure:3765: checking dependency style of x86_64-mandriva-linux-gnu-gcc
configure:3876: result: none
configure:3946: checking whether make supports nested variables
configure:3963: result: yes
configure:3983: checking for x86_64-mandriva-linux-gnu-gcc
configure:4010: result: x86_64-mandriva-linux-gnu-gcc
configure:4279: checking for C compiler version
configure:4288: x86_64-mandriva-linux-gnu-gcc --version >&5
x86_64-mandriva-linux-gnu-gcc (Linaro GCC 4.8-2014.01) 4.8.3 20140106 (OpenMandriva Association)
Copyright (C) 2013 Free Software Foundation, Inc.
This is free software; see the source for copying conditions.  There is NO
warranty; not even for MERCHANTABILITY or FITNESS FOR A PARTICULAR PURPOSE.

configure:4299: $? = 0
configure:4288: x86_64-mandriva-linux-gnu-gcc -v >&5
Using built-in specs.
COLLECT_GCC=x86_64-mandriva-linux-gnu-gcc
COLLECT_LTO_WRAPPER=/usr/libexec/gcc/x86_64-mandriva-linux-gnu/4.8.3/lto-wrapper
Target: x86_64-mandriva-linux-gnu
Configured with: ../configure --prefix=/usr --libdir=/usr/lib64 --mandir=/usr/share/man --infodir=/usr/share/info --disable-libjava-multilib --with-java-home=/usr/lib/jvm/java-1.5.0-gcj-1.5.0.0/jre --with-ecj-jar=/usr/share/java/eclipse-ecj.jar --enable-java-awt=gtk --enable-gtk-cairo --with-cloog --with-ppl --enable-cloog-backend=isl --disable-cloog-version-check --disable-libssp --disable-libunwind-exceptions --disable-werror --enable-__cxa_atexit --enable-gold=default --with-plugin-ld=/usr/bin/ld --enable-bootstrap --enable-checking=release --enable-gnu-unique-object --enable-languages=c,ada,c++,fortran,go,java,lto,objc,obj-c++ --enable-linker-build-id --enable-plugin --enable-lto --enable-shared --enable-threads=posix --with-system-zlib --with-bugurl=https://issues.openmandriva.org/ --with-tune=generic --with-arch_32=i586 --with-multilib-list=m32,m64 --host=x86_64-mandriva-linux-gnu --build=x86_64-mandriva-linux-gnu --target=x86_64-mandriva-linux-gnu
Thread model: posix
gcc version 4.8.3 20140106 (OpenMandriva Association) (Linaro GCC 4.8-2014.01) 
configure:4299: $? = 0
configure:4288: x86_64-mandriva-linux-gnu-gcc -V >&5
x86_64-mandriva-linux-gnu-gcc: error: unrecognized command line option '-V'
x86_64-mandriva-linux-gnu-gcc: fatal error: no input files
compilation terminated.
configure:4299: $? = 1
configure:4288: x86_64-mandriva-linux-gnu-gcc -qversion >&5
x86_64-mandriva-linux-gnu-gcc: error: unrecognized command line option '-qversion'
x86_64-mandriva-linux-gnu-gcc: fatal error: no input files
compilation terminated.
configure:4299: $? = 1
configure:4303: checking whether we are using the GNU C compiler
configure:4331: result: yes
configure:4340: checking whether x86_64-mandriva-linux-gnu-gcc accepts -g
configure:4401: result: yes
configure:4418: checking for x86_64-mandriva-linux-gnu-gcc option to accept ISO C89
configure:4494: result: none needed
configure:4519: checking whether x86_64-mandriva-linux-gnu-gcc understands -c and -o together
configure:4556: result: yes
configure:4578: checking how to run the C preprocessor
configure:4609: x86_64-mandriva-linux-gnu-gcc -E  conftest.c
configure:4609: $? = 0
configure:4623: x86_64-mandriva-linux-gnu-gcc -E  conftest.c
conftest.c:11:28: fatal error: ac_nonexistent.h: No such file or directory
 #include <ac_nonexistent.h>
                            ^
compilation terminated.
configure:4623: $? = 1
configure: failed program was:
| /* confdefs.h */
| #define PACKAGE_NAME "cpu"
| #define PACKAGE_TARNAME "cpu"
| #define PACKAGE_VERSION "0.0.1"
| #define PACKAGE_STRING "cpu 0.0.1"
| #define PACKAGE_BUGREPORT "enlightenment-devel@lists.sourceforge.net"
| #define PACKAGE_URL ""
| #define PACKAGE "cpu"
| #define VERSION "0.0.1"
| /* end confdefs.h.  */
| #include <ac_nonexistent.h>
configure:4648: result: x86_64-mandriva-linux-gnu-gcc -E
configure:4668: x86_64-mandriva-linux-gnu-gcc -E  conftest.c
configure:4668: $? = 0
configure:4682: x86_64-mandriva-linux-gnu-gcc -E  conftest.c
conftest.c:11:28: fatal error: ac_nonexistent.h: No such file or directory
 #include <ac_nonexistent.h>
                            ^
compilation terminated.
configure:4682: $? = 1
configure: failed program was:
| /* confdefs.h */
| #define PACKAGE_NAME "cpu"
| #define PACKAGE_TARNAME "cpu"
| #define PACKAGE_VERSION "0.0.1"
| #define PACKAGE_STRING "cpu 0.0.1"
| #define PACKAGE_BUGREPORT "enlightenment-devel@lists.sourceforge.net"
| #define PACKAGE_URL ""
| #define PACKAGE "cpu"
| #define VERSION "0.0.1"
| /* end confdefs.h.  */
| #include <ac_nonexistent.h>
configure:4711: checking for grep that handles long lines and -e
configure:4769: result: /bin/grep
configure:4774: checking for egrep
configure:4836: result: /bin/grep -E
configure:4841: checking for ANSI C header files
configure:4861: x86_64-mandriva-linux-gnu-gcc -c -O2 -Wa,--compress-debug-sections -gdwarf-4 -fvar-tracking-assignments -frecord-gcc-switches -Wstrict-aliasing=2 -pipe  -Wp,-D_FORTIFY_SOURCE=2 -fstack-protector --param=ssp-buffer-size=4  -fPIC  conftest.c >&5
configure:4861: $? = 0
configure:4934: x86_64-mandriva-linux-gnu-gcc -o conftest -O2 -Wa,--compress-debug-sections -gdwarf-4 -fvar-tracking-assignments -frecord-gcc-switches -Wstrict-aliasing=2 -pipe  -Wp,-D_FORTIFY_SOURCE=2 -fstack-protector --param=ssp-buffer-size=4  -fPIC   -Wl,--no-undefined  conftest.c  >&5
configure:4934: $? = 0
configure:4934: ./conftest
configure:4934: $? = 0
configure:4945: result: yes
configure:4953: checking for an ANSI C-conforming const
configure:5019: x86_64-mandriva-linux-gnu-gcc -c -O2 -Wa,--compress-debug-sections -gdwarf-4 -fvar-tracking-assignments -frecord-gcc-switches -Wstrict-aliasing=2 -pipe  -Wp,-D_FORTIFY_SOURCE=2 -fstack-protector --param=ssp-buffer-size=4  -fPIC  conftest.c >&5
configure:5019: $? = 0
configure:5026: result: yes
configure:5081: checking how to print strings
configure:5108: result: printf
configure:5129: checking for a sed that does not truncate output
configure:5193: result: /bin/sed
configure:5211: checking for fgrep
configure:5273: result: /bin/grep -F
configure:5308: checking for ld used by x86_64-mandriva-linux-gnu-gcc
configure:5375: result: /usr/bin/ld
configure:5382: checking if the linker (/usr/bin/ld) is GNU ld
configure:5397: result: yes
configure:5409: checking for BSD- or MS-compatible name lister (nm)
configure:5458: result: /usr/bin/nm -B
configure:5588: checking the name lister (/usr/bin/nm -B) interface
configure:5595: x86_64-mandriva-linux-gnu-gcc -c -O2 -Wa,--compress-debug-sections -gdwarf-4 -fvar-tracking-assignments -frecord-gcc-switches -Wstrict-aliasing=2 -pipe  -Wp,-D_FORTIFY_SOURCE=2 -fstack-protector --param=ssp-buffer-size=4  -fPIC  conftest.c >&5
configure:5598: /usr/bin/nm -B "conftest.o"
configure:5601: output
0000000000000000 B some_variable
configure:5608: result: BSD nm
configure:5611: checking whether ln -s works
configure:5615: result: yes
configure:5623: checking the maximum length of command line arguments
configure:5753: result: 1572864
configure:5770: checking whether the shell understands some XSI constructs
configure:5780: result: yes
configure:5784: checking whether the shell understands "+="
configure:5790: result: yes
configure:5825: checking how to convert x86_64-mandriva-linux-gnu file names to x86_64-mandriva-linux-gnu format
configure:5865: result: func_convert_file_noop
configure:5872: checking how to convert x86_64-mandriva-linux-gnu file names to toolchain format
configure:5892: result: func_convert_file_noop
configure:5899: checking for /usr/bin/ld option to reload object files
configure:5906: result: -r
configure:5940: checking for x86_64-mandriva-linux-gnu-objdump
configure:5956: found /usr/bin/x86_64-mandriva-linux-gnu-objdump
configure:5967: result: x86_64-mandriva-linux-gnu-objdump
configure:6039: checking how to recognize dependent libraries
configure:6241: result: pass_all
configure:6286: checking for x86_64-mandriva-linux-gnu-dlltool
configure:6316: result: no
configure:6326: checking for dlltool
configure:6356: result: no
configure:6386: checking how to associate runtime and link libraries
configure:6413: result: printf %s\n
configure:6429: checking for x86_64-mandriva-linux-gnu-ar
configure:6445: found /usr/bin/x86_64-mandriva-linux-gnu-ar
configure:6456: result: x86_64-mandriva-linux-gnu-ar
configure:6537: checking for archiver @FILE support
configure:6554: x86_64-mandriva-linux-gnu-gcc -c -O2 -Wa,--compress-debug-sections -gdwarf-4 -fvar-tracking-assignments -frecord-gcc-switches -Wstrict-aliasing=2 -pipe  -Wp,-D_FORTIFY_SOURCE=2 -fstack-protector --param=ssp-buffer-size=4  -fPIC  conftest.c >&5
configure:6554: $? = 0
configure:6557: x86_64-mandriva-linux-gnu-ar cru libconftest.a @conftest.lst >&5
configure:6560: $? = 0
configure:6565: x86_64-mandriva-linux-gnu-ar cru libconftest.a @conftest.lst >&5
x86_64-mandriva-linux-gnu-ar: conftest.o: No such file or directory
configure:6568: $? = 1
configure:6580: result: @
configure:6598: checking for x86_64-mandriva-linux-gnu-strip
configure:6614: found /usr/bin/x86_64-mandriva-linux-gnu-strip
configure:6625: result: x86_64-mandriva-linux-gnu-strip
configure:6697: checking for x86_64-mandriva-linux-gnu-ranlib
configure:6713: found /usr/bin/x86_64-mandriva-linux-gnu-ranlib
configure:6724: result: x86_64-mandriva-linux-gnu-ranlib
configure:6866: checking command to parse /usr/bin/nm -B output from x86_64-mandriva-linux-gnu-gcc object
configure:6986: x86_64-mandriva-linux-gnu-gcc -c -O2 -Wa,--compress-debug-sections -gdwarf-4 -fvar-tracking-assignments -frecord-gcc-switches -Wstrict-aliasing=2 -pipe  -Wp,-D_FORTIFY_SOURCE=2 -fstack-protector --param=ssp-buffer-size=4  -fPIC  conftest.c >&5
configure:6989: $? = 0
configure:6993: /usr/bin/nm -B conftest.o \| sed -n -e 's/^.*[ ]\([ABCDGIRSTW][ABCDGIRSTW]*\)[ ][ ]*\([_A-Za-z][_A-Za-z0-9]*\)$/\1 \2 \2/p' | sed '/ __gnu_lto/d' \> conftest.nm
configure:6996: $? = 0
configure:7062: x86_64-mandriva-linux-gnu-gcc -o conftest -O2 -Wa,--compress-debug-sections -gdwarf-4 -fvar-tracking-assignments -frecord-gcc-switches -Wstrict-aliasing=2 -pipe  -Wp,-D_FORTIFY_SOURCE=2 -fstack-protector --param=ssp-buffer-size=4  -fPIC   -Wl,--no-undefined  conftest.c conftstm.o >&5
configure:7065: $? = 0
configure:7103: result: ok
configure:7140: checking for sysroot
configure:7170: result: no
configure:7247: x86_64-mandriva-linux-gnu-gcc -c -O2 -Wa,--compress-debug-sections -gdwarf-4 -fvar-tracking-assignments -frecord-gcc-switches -Wstrict-aliasing=2 -pipe  -Wp,-D_FORTIFY_SOURCE=2 -fstack-protector --param=ssp-buffer-size=4  -fPIC  conftest.c >&5
configure:7250: $? = 0
configure:7386: checking for x86_64-mandriva-linux-gnu-mt
configure:7416: result: no
configure:7426: checking for mt
configure:7456: result: no
configure:7476: checking if : is a manifest tool
configure:7482: : '-?'
configure:7490: result: no
configure:8132: checking for sys/types.h
configure:8132: x86_64-mandriva-linux-gnu-gcc -c -O2 -Wa,--compress-debug-sections -gdwarf-4 -fvar-tracking-assignments -frecord-gcc-switches -Wstrict-aliasing=2 -pipe  -Wp,-D_FORTIFY_SOURCE=2 -fstack-protector --param=ssp-buffer-size=4  -fPIC  conftest.c >&5
configure:8132: $? = 0
configure:8132: result: yes
configure:8132: checking for sys/stat.h
configure:8132: x86_64-mandriva-linux-gnu-gcc -c -O2 -Wa,--compress-debug-sections -gdwarf-4 -fvar-tracking-assignments -frecord-gcc-switches -Wstrict-aliasing=2 -pipe  -Wp,-D_FORTIFY_SOURCE=2 -fstack-protector --param=ssp-buffer-size=4  -fPIC  conftest.c >&5
configure:8132: $? = 0
configure:8132: result: yes
configure:8132: checking for stdlib.h
configure:8132: x86_64-mandriva-linux-gnu-gcc -c -O2 -Wa,--compress-debug-sections -gdwarf-4 -fvar-tracking-assignments -frecord-gcc-switches -Wstrict-aliasing=2 -pipe  -Wp,-D_FORTIFY_SOURCE=2 -fstack-protector --param=ssp-buffer-size=4  -fPIC  conftest.c >&5
configure:8132: $? = 0
configure:8132: result: yes
configure:8132: checking for string.h
configure:8132: x86_64-mandriva-linux-gnu-gcc -c -O2 -Wa,--compress-debug-sections -gdwarf-4 -fvar-tracking-assignments -frecord-gcc-switches -Wstrict-aliasing=2 -pipe  -Wp,-D_FORTIFY_SOURCE=2 -fstack-protector --param=ssp-buffer-size=4  -fPIC  conftest.c >&5
configure:8132: $? = 0
configure:8132: result: yes
configure:8132: checking for memory.h
configure:8132: x86_64-mandriva-linux-gnu-gcc -c -O2 -Wa,--compress-debug-sections -gdwarf-4 -fvar-tracking-assignments -frecord-gcc-switches -Wstrict-aliasing=2 -pipe  -Wp,-D_FORTIFY_SOURCE=2 -fstack-protector --param=ssp-buffer-size=4  -fPIC  conftest.c >&5
configure:8132: $? = 0
configure:8132: result: yes
configure:8132: checking for strings.h
configure:8132: x86_64-mandriva-linux-gnu-gcc -c -O2 -Wa,--compress-debug-sections -gdwarf-4 -fvar-tracking-assignments -frecord-gcc-switches -Wstrict-aliasing=2 -pipe  -Wp,-D_FORTIFY_SOURCE=2 -fstack-protector --param=ssp-buffer-size=4  -fPIC  conftest.c >&5
configure:8132: $? = 0
configure:8132: result: yes
configure:8132: checking for inttypes.h
configure:8132: x86_64-mandriva-linux-gnu-gcc -c -O2 -Wa,--compress-debug-sections -gdwarf-4 -fvar-tracking-assignments -frecord-gcc-switches -Wstrict-aliasing=2 -pipe  -Wp,-D_FORTIFY_SOURCE=2 -fstack-protector --param=ssp-buffer-size=4  -fPIC  conftest.c >&5
configure:8132: $? = 0
configure:8132: result: yes
configure:8132: checking for stdint.h
configure:8132: x86_64-mandriva-linux-gnu-gcc -c -O2 -Wa,--compress-debug-sections -gdwarf-4 -fvar-tracking-assignments -frecord-gcc-switches -Wstrict-aliasing=2 -pipe  -Wp,-D_FORTIFY_SOURCE=2 -fstack-protector --param=ssp-buffer-size=4  -fPIC  conftest.c >&5
configure:8132: $? = 0
configure:8132: result: yes
configure:8132: checking for unistd.h
configure:8132: x86_64-mandriva-linux-gnu-gcc -c -O2 -Wa,--compress-debug-sections -gdwarf-4 -fvar-tracking-assignments -frecord-gcc-switches -Wstrict-aliasing=2 -pipe  -Wp,-D_FORTIFY_SOURCE=2 -fstack-protector --param=ssp-buffer-size=4  -fPIC  conftest.c >&5
configure:8132: $? = 0
configure:8132: result: yes
configure:8146: checking for dlfcn.h
configure:8146: x86_64-mandriva-linux-gnu-gcc -c -O2 -Wa,--compress-debug-sections -gdwarf-4 -fvar-tracking-assignments -frecord-gcc-switches -Wstrict-aliasing=2 -pipe  -Wp,-D_FORTIFY_SOURCE=2 -fstack-protector --param=ssp-buffer-size=4  -fPIC  conftest.c >&5
configure:8146: $? = 0
configure:8146: result: yes
configure:8352: checking for objdir
configure:8367: result: .libs
configure:8638: checking if x86_64-mandriva-linux-gnu-gcc supports -fno-rtti -fno-exceptions
configure:8656: x86_64-mandriva-linux-gnu-gcc -c -O2 -Wa,--compress-debug-sections -gdwarf-4 -fvar-tracking-assignments -frecord-gcc-switches -Wstrict-aliasing=2 -pipe  -Wp,-D_FORTIFY_SOURCE=2 -fstack-protector --param=ssp-buffer-size=4  -fPIC  -fno-rtti -fno-exceptions conftest.c >&5
cc1: warning: command line option '-fno-rtti' is valid for C++/ObjC++ but not for C [enabled by default]
configure:8660: $? = 0
configure:8673: result: no
configure:9000: checking for x86_64-mandriva-linux-gnu-gcc option to produce PIC
configure:9007: result: -fPIC -DPIC
configure:9015: checking if x86_64-mandriva-linux-gnu-gcc PIC flag -fPIC -DPIC works
configure:9033: x86_64-mandriva-linux-gnu-gcc -c -O2 -Wa,--compress-debug-sections -gdwarf-4 -fvar-tracking-assignments -frecord-gcc-switches -Wstrict-aliasing=2 -pipe  -Wp,-D_FORTIFY_SOURCE=2 -fstack-protector --param=ssp-buffer-size=4  -fPIC  -fPIC -DPIC -DPIC conftest.c >&5
configure:9037: $? = 0
configure:9050: result: yes
configure:9079: checking if x86_64-mandriva-linux-gnu-gcc static flag -static works
configure:9107: result: no
configure:9122: checking if x86_64-mandriva-linux-gnu-gcc supports -c -o file.o
configure:9143: x86_64-mandriva-linux-gnu-gcc -c -O2 -Wa,--compress-debug-sections -gdwarf-4 -fvar-tracking-assignments -frecord-gcc-switches -Wstrict-aliasing=2 -pipe  -Wp,-D_FORTIFY_SOURCE=2 -fstack-protector --param=ssp-buffer-size=4  -fPIC  -o out/conftest2.o conftest.c >&5
configure:9147: $? = 0
configure:9169: result: yes
configure:9177: checking if x86_64-mandriva-linux-gnu-gcc supports -c -o file.o
configure:9224: result: yes
configure:9257: checking whether the x86_64-mandriva-linux-gnu-gcc linker (/usr/bin/ld -m elf_x86_64) supports shared libraries
configure:10411: result: yes
configure:10448: checking whether -lc should be explicitly linked in
configure:10456: x86_64-mandriva-linux-gnu-gcc -c -O2 -Wa,--compress-debug-sections -gdwarf-4 -fvar-tracking-assignments -frecord-gcc-switches -Wstrict-aliasing=2 -pipe  -Wp,-D_FORTIFY_SOURCE=2 -fstack-protector --param=ssp-buffer-size=4  -fPIC  conftest.c >&5
configure:10459: $? = 0
configure:10474: x86_64-mandriva-linux-gnu-gcc -shared  -fPIC -DPIC conftest.o  -v -Wl,-soname -Wl,conftest -o conftest 2\>\&1 \| /bin/grep  -lc  \>/dev/null 2\>\&1
configure:10477: $? = 0
configure:10491: result: no
configure:10651: checking dynamic linker characteristics
configure:11162: x86_64-mandriva-linux-gnu-gcc -o conftest -O2 -Wa,--compress-debug-sections -gdwarf-4 -fvar-tracking-assignments -frecord-gcc-switches -Wstrict-aliasing=2 -pipe  -Wp,-D_FORTIFY_SOURCE=2 -fstack-protector --param=ssp-buffer-size=4  -fPIC   -Wl,--no-undefined  -Wl,-rpath -Wl,/foo conftest.c  >&5
configure:11162: $? = 0
configure:11388: result: GNU/Linux ld.so
configure:11495: checking how to hardcode library paths into programs
configure:11520: result: immediate
configure:12060: checking whether stripping libraries is possible
configure:12065: result: yes
configure:12100: checking if libtool supports shared libraries
configure:12102: result: yes
configure:12105: checking whether to build shared libraries
configure:12126: result: yes
configure:12129: checking whether to build static libraries
configure:12133: result: no
configure:12190: checking whether NLS is requested
configure:12199: result: yes
configure:12237: checking for msgfmt
configure:12268: result: /usr/bin/msgfmt
configure:12277: checking for gmsgfmt
configure:12308: result: /usr/bin/msgfmt
configure:12348: checking for xgettext
configure:12379: result: /usr/bin/xgettext
configure:12419: checking for msgmerge
configure:12449: result: /usr/bin/msgmerge
configure:12524: checking for ld used by GCC
configure:12588: result: /usr/bin/ld -m elf_x86_64
configure:12595: checking if the linker (/usr/bin/ld -m elf_x86_64) is GNU ld
configure:12608: result: yes
configure:12614: checking for shared library run path origin
configure:12627: result: done
configure:13043: checking whether NLS is requested
configure:13052: result: yes
configure:13070: checking for GNU gettext in libc
configure:13089: x86_64-mandriva-linux-gnu-gcc -o conftest -O2 -Wa,--compress-debug-sections -gdwarf-4 -fvar-tracking-assignments -frecord-gcc-switches -Wstrict-aliasing=2 -pipe  -Wp,-D_FORTIFY_SOURCE=2 -fstack-protector --param=ssp-buffer-size=4  -fPIC   -Wl,--no-undefined  conftest.c  >&5
conftest.c: In function 'main':
conftest.c:30:8: warning: cast from pointer to integer of different size [-Wpointer-to-int-cast]
 return (int) gettext ("") + _nl_msg_cat_cntr + *_nl_domain_bindings
        ^
configure:13089: $? = 0
configure:13097: result: yes
configure:13677: checking whether to use NLS
configure:13679: result: yes
configure:13682: checking where the gettext function comes from
configure:13693: result: libc
configure:13773: checking for x86_64-mandriva-linux-gnu-pkg-config
configure:13791: found /usr/bin/x86_64-mandriva-linux-gnu-pkg-config
configure:13803: result: /usr/bin/x86_64-mandriva-linux-gnu-pkg-config
configure:13871: checking pkg-config is at least version 0.9.0
configure:13874: result: yes
configure:13884: checking for E
configure:13891: $PKG_CONFIG --exists --print-errors "enlightenment"
configure:13894: $? = 0
configure:13908: $PKG_CONFIG --exists --print-errors "enlightenment"
configure:13911: $? = 0
configure:13969: result: yes
configure:13985: checking for EDJE
configure:13992: $PKG_CONFIG --exists --print-errors "edje >= 0.5.0"
configure:13995: $? = 0
configure:14009: $PKG_CONFIG --exists --print-errors "edje >= 0.5.0"
configure:14012: $? = 0
configure:14070: result: yes
configure:14089: checking Which edje_cc to use
configure:14091: result: /usr/bin/edje_cc
configure:14215: checking that generated files are newer than configure
configure:14221: result: done
configure:14248: creating ./config.status

## ---------------- ##
## Cache variables. ##
## ---------------- ##

ac_cv_build=x86_64-mandriva-linux-gnu
ac_cv_c_compiler_gnu=yes
ac_cv_c_const=yes
ac_cv_env_CC_set=
ac_cv_env_CC_value=
ac_cv_env_CFLAGS_set=set
ac_cv_env_CFLAGS_value='-O2 -Wa,--compress-debug-sections -gdwarf-4 -fvar-tracking-assignments -frecord-gcc-switches -Wstrict-aliasing=2 -pipe  -Wp,-D_FORTIFY_SOURCE=2 -fstack-protector --param=ssp-buffer-size=4  -fPIC'
ac_cv_env_CPPFLAGS_set=
ac_cv_env_CPPFLAGS_value=
ac_cv_env_CPP_set=
ac_cv_env_CPP_value=
ac_cv_env_EDJE_CFLAGS_set=
ac_cv_env_EDJE_CFLAGS_value=
ac_cv_env_EDJE_LIBS_set=
ac_cv_env_EDJE_LIBS_value=
ac_cv_env_E_CFLAGS_set=
ac_cv_env_E_CFLAGS_value=
ac_cv_env_E_LIBS_set=
ac_cv_env_E_LIBS_value=
ac_cv_env_LDFLAGS_set=set
ac_cv_env_LDFLAGS_value=' -Wl,--no-undefined '
ac_cv_env_LIBS_set=
ac_cv_env_LIBS_value=
ac_cv_env_PKG_CONFIG_LIBDIR_set=
ac_cv_env_PKG_CONFIG_LIBDIR_value=
ac_cv_env_PKG_CONFIG_PATH_set=
ac_cv_env_PKG_CONFIG_PATH_value=
ac_cv_env_PKG_CONFIG_set=
ac_cv_env_PKG_CONFIG_value=
ac_cv_env_build_alias_set=set
ac_cv_env_build_alias_value=x86_64-mandriva-linux-gnu
ac_cv_env_host_alias_set=set
ac_cv_env_host_alias_value=x86_64-mandriva-linux-gnu
ac_cv_env_target_alias_set=set
ac_cv_env_target_alias_value=x86_64-mandriva-linux-gnu
ac_cv_header_dlfcn_h=yes
ac_cv_header_inttypes_h=yes
ac_cv_header_memory_h=yes
ac_cv_header_stdc=yes
ac_cv_header_stdint_h=yes
ac_cv_header_stdlib_h=yes
ac_cv_header_string_h=yes
ac_cv_header_strings_h=yes
ac_cv_header_sys_stat_h=yes
ac_cv_header_sys_types_h=yes
ac_cv_header_unistd_h=yes
ac_cv_host=x86_64-mandriva-linux-gnu
ac_cv_lib_cposix_strerror=no
ac_cv_objext=o
ac_cv_path_EGREP='/bin/grep -E'
ac_cv_path_FGREP='/bin/grep -F'
ac_cv_path_GMSGFMT=/usr/bin/msgfmt
ac_cv_path_GREP=/bin/grep
ac_cv_path_MSGFMT=/usr/bin/msgfmt
ac_cv_path_MSGMERGE=/usr/bin/msgmerge
ac_cv_path_PKG_CONFIG=/usr/bin/x86_64-mandriva-linux-gnu-pkg-config
ac_cv_path_SED=/bin/sed
ac_cv_path_XGETTEXT=/usr/bin/xgettext
ac_cv_path_install='/usr/bin/install -c'
ac_cv_path_mkdir=/bin/mkdir
ac_cv_prog_AR=x86_64-mandriva-linux-gnu-ar
ac_cv_prog_AWK=gawk
ac_cv_prog_CC=x86_64-mandriva-linux-gnu-gcc
ac_cv_prog_CPP='x86_64-mandriva-linux-gnu-gcc -E'
ac_cv_prog_OBJDUMP=x86_64-mandriva-linux-gnu-objdump
ac_cv_prog_RANLIB=x86_64-mandriva-linux-gnu-ranlib
ac_cv_prog_STRIP=x86_64-mandriva-linux-gnu-strip
ac_cv_prog_cc_c89=
ac_cv_prog_cc_g=yes
ac_cv_prog_make_make_set=yes
acl_cv_hardcode_direct=no
acl_cv_hardcode_libdir_flag_spec='${wl}-rpath ${wl}$libdir'
acl_cv_hardcode_libdir_separator=
acl_cv_hardcode_minus_L=no
acl_cv_libext=a
acl_cv_path_LD='/usr/bin/ld -m elf_x86_64'
acl_cv_prog_gnu_ld=yes
acl_cv_rpath=done
acl_cv_shlibext=so
acl_cv_wl=-Wl,
am_cv_CC_dependencies_compiler_type=none
am_cv_make_support_nested_variables=yes
am_cv_prog_cc_c_o=yes
gt_cv_func_gnugettext1_libc=yes
lt_cv_ar_at_file=@
lt_cv_archive_cmds_need_lc=no
lt_cv_deplibs_check_method=pass_all
lt_cv_file_magic_cmd='$MAGIC_CMD'
lt_cv_file_magic_test_file=
lt_cv_ld_reload_flag=-r
lt_cv_nm_interface='BSD nm'
lt_cv_objdir=.libs
lt_cv_path_LD=/usr/bin/ld
lt_cv_path_NM='/usr/bin/nm -B'
lt_cv_path_mainfest_tool=no
lt_cv_prog_compiler_c_o=yes
lt_cv_prog_compiler_pic='-fPIC -DPIC'
lt_cv_prog_compiler_pic_works=yes
lt_cv_prog_compiler_rtti_exceptions=no
lt_cv_prog_compiler_static_works=no
lt_cv_prog_gnu_ld=yes
lt_cv_sharedlib_from_linklib_cmd='printf %s\n'
lt_cv_shlibpath_overrides_runpath=yes
lt_cv_sys_global_symbol_pipe='sed -n -e '\''s/^.*[	 ]\([ABCDGIRSTW][ABCDGIRSTW]*\)[	 ][	 ]*\([_A-Za-z][_A-Za-z0-9]*\)$/\1 \2 \2/p'\'' | sed '\''/ __gnu_lto/d'\'''
lt_cv_sys_global_symbol_to_c_name_address='sed -n -e '\''s/^: \([^ ]*\)[ ]*$/  {\"\1\", (void *) 0},/p'\'' -e '\''s/^[ABCDGIRSTW]* \([^ ]*\) \([^ ]*\)$/  {"\2", (void *) \&\2},/p'\'''
lt_cv_sys_global_symbol_to_c_name_address_lib_prefix='sed -n -e '\''s/^: \([^ ]*\)[ ]*$/  {\"\1\", (void *) 0},/p'\'' -e '\''s/^[ABCDGIRSTW]* \([^ ]*\) \(lib[^ ]*\)$/  {"\2", (void *) \&\2},/p'\'' -e '\''s/^[ABCDGIRSTW]* \([^ ]*\) \([^ ]*\)$/  {"lib\2", (void *) \&\2},/p'\'''
lt_cv_sys_global_symbol_to_cdecl='sed -n -e '\''s/^T .* \(.*\)$/extern int \1();/p'\'' -e '\''s/^[ABCDGIRSTW]* .* \(.*\)$/extern char \1;/p'\'''
lt_cv_sys_max_cmd_len=1572864
lt_cv_to_host_file_cmd=func_convert_file_noop
lt_cv_to_tool_file_cmd=func_convert_file_noop
pkg_cv_EDJE_CFLAGS='-D_REENTRANT -pthread -I/usr/include/efl-1 -I/usr/include/edje-1 -I/usr/include/efl-1 -I/usr/include/ecore-audio-1 -I/usr/include/efl-1 -I/usr/include/ephysics-1 -I/usr/include/bullet -I/usr/include/efl-1 -I/usr/include/eio-1 -I/usr/include/efl-1 -I/usr/include/embryo-1 -I/usr/include/efl-1 -I/usr/include/ecore-imf-evas-1 -I/usr/include/efl-1 -I/usr/include/ecore-imf-1 -I/usr/include/efl-1 -I/usr/include/ecore-file-1 -I/usr/include/efl-1 -I/usr/include/ecore-con-1 -I/usr/include/efl-1 -I/usr/include/ecore-evas-1 -I/usr/include/efl-1 -I/usr/include/ecore-input-evas-1 -I/usr/include/efl-1 -I/usr/include/ecore-input-1 -I/usr/include/efl-1 -I/usr/include/ecore-1 -I/usr/include/glib-2.0 -I/usr/lib64/glib-2.0/include -I/usr/include/efl-1 -I/usr/include/evas-1 -I/usr/include/harfbuzz -I/usr/include/fribidi -I/usr/include/freetype2 -I/usr/include/libxml2 -I/usr/include/freetype2 -I/usr/include/luajit-2.0 -I/usr/include/efl-1 -I/usr/include/eet-1 -I/usr/include/efl-1 -I/usr/include/eo-1 -I/usr/include/efl-1 -I/usr/include/eina-1 -I/usr/include/eina-1/eina '
pkg_cv_EDJE_LIBS='-ledje '
pkg_cv_E_CFLAGS='-DUSE_E_CONFIG_H -D_REENTRANT -pthread -I/usr/include/enlightenment -I/usr/include/efl-1 -I/usr/include/ecore-ipc-1 -I/usr/include/elementary-1 -I/usr/include/efl-1 -I/usr/include/ecore-sdl-1 -I/usr/include/SDL2 -I/usr/include/efl-1 -I/usr/include/ecore-x-1 -I/usr/include/efl-1 -I/usr/include/ethumb-client-1 -I/usr/include/efl-1 -I/usr/include/ethumb-1 -I/usr/include/efl-1 -I/usr/include/edje-1 -I/usr/include/efl-1 -I/usr/include/ecore-audio-1 -I/usr/include/efl-1 -I/usr/include/ephysics-1 -I/usr/include/bullet -I/usr/include/efl-1 -I/usr/include/embryo-1 -I/usr/include/efl-1 -I/usr/include/ecore-imf-evas-1 -I/usr/include/efl-1 -I/usr/include/ecore-evas-1 -I/usr/include/efl-1 -I/usr/include/ecore-input-evas-1 -I/usr/include/efl-1 -I/usr/include/ecore-imf-1 -I/usr/include/efl-1 -I/usr/include/ecore-input-1 -I/usr/include/efl-1 -I/usr/include/efreet-1 -I/usr/include/efl-1 -I/usr/include/efreet-1 -I/usr/include/efl-1 -I/usr/include/efreet-1 -I/usr/include/efl-1 -I/usr/include/eldbus-1 -I/usr/include/dbus-1.0 -I/usr/lib64/dbus-1.0/include -I/usr/include/efl-1 -I/usr/include/emotion-1 -I/usr/include/efl-1 -I/usr/include/eio-1 -I/usr/include/efl-1 -I/usr/include/evas-1 -I/usr/include/harfbuzz -I/usr/include/fribidi -I/usr/include/freetype2 -I/usr/include/libxml2 -I/usr/include/freetype2 -I/usr/include/luajit-2.0 -I/usr/include/efl-1 -I/usr/include/eeze-1 -I/usr/include/libmount -I/usr/include/blkid -I/usr/include/uuid -I/usr/include/efl-1 -I/usr/include/ecore-file-1 -I/usr/include/efl-1 -I/usr/include/ecore-con-1 -I/usr/include/efl-1 -I/usr/include/eet-1 -I/usr/include/efl-1 -I/usr/include/ecore-1 -I/usr/include/glib-2.0 -I/usr/lib64/glib-2.0/include -I/usr/include/efl-1 -I/usr/include/eo-1 -I/usr/include/efl-1 -I/usr/include/eina-1 -I/usr/include/eina-1/eina '
pkg_cv_E_LIBS='-levas -lecore -lecore_x -lecore_evas -lecore_con -lecore_ipc -lecore_file -leet -ledje -lefreet -lefreet_mime -lefreet_trash -leina -lpthread -leldbus -leio -leo -lelementary -lefl -leina -lpthread -leet -levas -lecore -lecore_evas -lecore_file -lecore_input -ledje -leo -lethumb_client -lemotion -lecore_imf -lecore_con -leldbus -lefreet -lefreet_mime -lefreet_trash -leio -ldl -lm -lemotion -leeze '

## ----------------- ##
## Output variables. ##
## ----------------- ##

ACLOCAL='${SHELL} /home/colin/Development/ELIGHT/e_modules/BUILD/e_modules-0.0.1.20150506/cpu/missing aclocal-1.14'
AMDEPBACKSLASH=''
AMDEP_FALSE=''
AMDEP_TRUE='#'
AMTAR='$${TAR-tar}'
AM_BACKSLASH='\'
AM_DEFAULT_V='$(AM_DEFAULT_VERBOSITY)'
AM_DEFAULT_VERBOSITY='1'
AM_V='$(V)'
AR='x86_64-mandriva-linux-gnu-ar'
AUTOCONF='${SHELL} /home/colin/Development/ELIGHT/e_modules/BUILD/e_modules-0.0.1.20150506/cpu/missing autoconf'
AUTOHEADER='${SHELL} /home/colin/Development/ELIGHT/e_modules/BUILD/e_modules-0.0.1.20150506/cpu/missing autoheader'
AUTOMAKE='${SHELL} /home/colin/Development/ELIGHT/e_modules/BUILD/e_modules-0.0.1.20150506/cpu/missing automake-1.14'
AWK='gawk'
CC='x86_64-mandriva-linux-gnu-gcc'
CCDEPMODE='depmode=none'
CFLAGS='-O2 -Wa,--compress-debug-sections -gdwarf-4 -fvar-tracking-assignments -frecord-gcc-switches -Wstrict-aliasing=2 -pipe  -Wp,-D_FORTIFY_SOURCE=2 -fstack-protector --param=ssp-buffer-size=4  -fPIC'
CPP='x86_64-mandriva-linux-gnu-gcc -E'
CPPFLAGS=''
CYGPATH_W='echo'
DEFS='-DHAVE_CONFIG_H'
DEPDIR='.deps'
DLLTOOL='false'
DSYMUTIL=''
DUMPBIN=''
ECHO_C=''
ECHO_N='-n'
ECHO_T=''
EDJE_CC='/usr/bin/edje_cc'
EDJE_CFLAGS='-D_REENTRANT -pthread -I/usr/include/efl-1 -I/usr/include/edje-1 -I/usr/include/efl-1 -I/usr/include/ecore-audio-1 -I/usr/include/efl-1 -I/usr/include/ephysics-1 -I/usr/include/bullet -I/usr/include/efl-1 -I/usr/include/eio-1 -I/usr/include/efl-1 -I/usr/include/embryo-1 -I/usr/include/efl-1 -I/usr/include/ecore-imf-evas-1 -I/usr/include/efl-1 -I/usr/include/ecore-imf-1 -I/usr/include/efl-1 -I/usr/include/ecore-file-1 -I/usr/include/efl-1 -I/usr/include/ecore-con-1 -I/usr/include/efl-1 -I/usr/include/ecore-evas-1 -I/usr/include/efl-1 -I/usr/include/ecore-input-evas-1 -I/usr/include/efl-1 -I/usr/include/ecore-input-1 -I/usr/include/efl-1 -I/usr/include/ecore-1 -I/usr/include/glib-2.0 -I/usr/lib64/glib-2.0/include -I/usr/include/efl-1 -I/usr/include/evas-1 -I/usr/include/harfbuzz -I/usr/include/fribidi -I/usr/include/freetype2 -I/usr/include/libxml2 -I/usr/include/freetype2 -I/usr/include/luajit-2.0 -I/usr/include/efl-1 -I/usr/include/eet-1 -I/usr/include/efl-1 -I/usr/include/eo-1 -I/usr/include/efl-1 -I/usr/include/eina-1 -I/usr/include/eina-1/eina '
EDJE_LIBS='-ledje '
EGREP='/bin/grep -E'
EXEEXT=''
E_CFLAGS='-DUSE_E_CONFIG_H -D_REENTRANT -pthread -I/usr/include/enlightenment -I/usr/include/efl-1 -I/usr/include/ecore-ipc-1 -I/usr/include/elementary-1 -I/usr/include/efl-1 -I/usr/include/ecore-sdl-1 -I/usr/include/SDL2 -I/usr/include/efl-1 -I/usr/include/ecore-x-1 -I/usr/include/efl-1 -I/usr/include/ethumb-client-1 -I/usr/include/efl-1 -I/usr/include/ethumb-1 -I/usr/include/efl-1 -I/usr/include/edje-1 -I/usr/include/efl-1 -I/usr/include/ecore-audio-1 -I/usr/include/efl-1 -I/usr/include/ephysics-1 -I/usr/include/bullet -I/usr/include/efl-1 -I/usr/include/embryo-1 -I/usr/include/efl-1 -I/usr/include/ecore-imf-evas-1 -I/usr/include/efl-1 -I/usr/include/ecore-evas-1 -I/usr/include/efl-1 -I/usr/include/ecore-input-evas-1 -I/usr/include/efl-1 -I/usr/include/ecore-imf-1 -I/usr/include/efl-1 -I/usr/include/ecore-input-1 -I/usr/include/efl-1 -I/usr/include/efreet-1 -I/usr/include/efl-1 -I/usr/include/efreet-1 -I/usr/include/efl-1 -I/usr/include/efreet-1 -I/usr/include/efl-1 -I/usr/include/eldbus-1 -I/usr/include/dbus-1.0 -I/usr/lib64/dbus-1.0/include -I/usr/include/efl-1 -I/usr/include/emotion-1 -I/usr/include/efl-1 -I/usr/include/eio-1 -I/usr/include/efl-1 -I/usr/include/evas-1 -I/usr/include/harfbuzz -I/usr/include/fribidi -I/usr/include/freetype2 -I/usr/include/libxml2 -I/usr/include/freetype2 -I/usr/include/luajit-2.0 -I/usr/include/efl-1 -I/usr/include/eeze-1 -I/usr/include/libmount -I/usr/include/blkid -I/usr/include/uuid -I/usr/include/efl-1 -I/usr/include/ecore-file-1 -I/usr/include/efl-1 -I/usr/include/ecore-con-1 -I/usr/include/efl-1 -I/usr/include/eet-1 -I/usr/include/efl-1 -I/usr/include/ecore-1 -I/usr/include/glib-2.0 -I/usr/lib64/glib-2.0/include -I/usr/include/efl-1 -I/usr/include/eo-1 -I/usr/include/efl-1 -I/usr/include/eina-1 -I/usr/include/eina-1/eina '
E_LIBS='-levas -lecore -lecore_x -lecore_evas -lecore_con -lecore_ipc -lecore_file -leet -ledje -lefreet -lefreet_mime -lefreet_trash -leina -lpthread -leldbus -leio -leo -lelementary -lefl -leina -lpthread -leet -levas -lecore -lecore_evas -lecore_file -lecore_input -ledje -leo -lethumb_client -lemotion -lecore_imf -lecore_con -leldbus -lefreet -lefreet_mime -lefreet_trash -leio -ldl -lm -lemotion -leeze '
FGREP='/bin/grep -F'
GMSGFMT='/usr/bin/msgfmt'
GREP='/bin/grep'
HAVE_PO_FALSE='#'
HAVE_PO_TRUE=''
INSTALL_DATA='${INSTALL} -m 644'
INSTALL_PROGRAM='${INSTALL}'
INSTALL_SCRIPT='${INSTALL}'
INSTALL_STRIP_PROGRAM='$(install_sh) -c -s'
INTLLIBS=''
LD='/usr/bin/ld -m elf_x86_64'
LDFLAGS=' -Wl,--no-undefined '
LIBICONV='-liconv'
LIBINTL=''
LIBOBJS=''
LIBS=''
LIBTOOL='$(SHELL) $(top_builddir)/libtool'
LIPO=''
LN_S='ln -s'
LTLIBICONV='-liconv'
LTLIBINTL=''
LTLIBOBJS=''
MAKEINFO='${SHELL} /home/colin/Development/ELIGHT/e_modules/BUILD/e_modules-0.0.1.20150506/cpu/missing makeinfo'
MANIFEST_TOOL=':'
MKDIR_P='/bin/mkdir -p'
MKINSTALLDIRS='$(top_builddir)/./mkinstalldirs'
MODULE_ARCH='linux-gnu-x86_64-ver-serious-0.19'
MSGFMT='/usr/bin/msgfmt'
MSGMERGE='/usr/bin/msgmerge'
NM='/usr/bin/nm -B'
NMEDIT=''
OBJDUMP='x86_64-mandriva-linux-gnu-objdump'
OBJEXT='o'
OTOOL64=''
OTOOL=''
PACKAGE='cpu'
PACKAGE_BUGREPORT='enlightenment-devel@lists.sourceforge.net'
PACKAGE_NAME='cpu'
PACKAGE_STRING='cpu 0.0.1'
PACKAGE_TARNAME='cpu'
PACKAGE_URL=''
PACKAGE_VERSION='0.0.1'
PATH_SEPARATOR=':'
PKG_CONFIG='/usr/bin/x86_64-mandriva-linux-gnu-pkg-config'
PKG_CONFIG_LIBDIR=''
PKG_CONFIG_PATH=''
POSUB='po'
RANLIB='x86_64-mandriva-linux-gnu-ranlib'
SED='/bin/sed'
SET_MAKE=''
SHELL='/bin/sh'
STRIP='x86_64-mandriva-linux-gnu-strip'
USE_NLS='yes'
VERSION='0.0.1'
XGETTEXT='/usr/bin/xgettext'
ac_ct_AR=''
ac_ct_CC=''
ac_ct_DUMPBIN=''
am__EXEEXT_FALSE=''
am__EXEEXT_TRUE='#'
am__fastdepCC_FALSE=''
am__fastdepCC_TRUE='#'
am__include='include'
am__isrc=''
am__leading_dot='.'
am__nodep=''
am__quote=''
am__tar='$${TAR-tar} chof - "$$tardir"'
am__untar='$${TAR-tar} xf -'
bindir='/usr/bin'
build='x86_64-mandriva-linux-gnu'
build_alias='x86_64-mandriva-linux-gnu'
build_cpu='x86_64'
build_os='linux-gnu'
build_vendor='mandriva'
datadir='/usr/lib64/enlightenment/modules/cpu'
datarootdir='${prefix}/share'
docdir='${datarootdir}/doc/${PACKAGE_TARNAME}'
dvidir='${docdir}'
exec_prefix='/usr'
host='x86_64-mandriva-linux-gnu'
host_alias='x86_64-mandriva-linux-gnu'
host_cpu='x86_64'
host_os='linux-gnu'
host_vendor='mandriva'
htmldir='${docdir}'
includedir='/usr/include'
infodir='/usr/share/info'
install_sh='${SHELL} /home/colin/Development/ELIGHT/e_modules/BUILD/e_modules-0.0.1.20150506/cpu/install-sh'
libdir='/usr/lib64'
libexecdir='/usr/libexec'
localedir='${datarootdir}/locale'
localstatedir='/var'
mandir='/usr/share/man'
mkdir_p='$(MKDIR_P)'
oldincludedir='/usr/include'
pdfdir='${docdir}'
prefix='/usr'
program_transform_name='s&^&&'
psdir='${docdir}'
sbindir='/usr/sbin'
sharedstatedir='/usr/com'
sysconfdir='/etc'
target_alias='x86_64-mandriva-linux-gnu'

## ----------- ##
## confdefs.h. ##
## ----------- ##

/* confdefs.h */
#define PACKAGE_NAME "cpu"
#define PACKAGE_TARNAME "cpu"
#define PACKAGE_VERSION "0.0.1"
#define PACKAGE_STRING "cpu 0.0.1"
#define PACKAGE_BUGREPORT "enlightenment-devel@lists.sourceforge.net"
#define PACKAGE_URL ""
#define PACKAGE "cpu"
#define VERSION "0.0.1"
#define STDC_HEADERS 1
#define HAVE_SYS_TYPES_H 1
#define HAVE_SYS_STAT_H 1
#define HAVE_STDLIB_H 1
#define HAVE_STRING_H 1
#define HAVE_MEMORY_H 1
#define HAVE_STRINGS_H 1
#define HAVE_INTTYPES_H 1
#define HAVE_STDINT_H 1
#define HAVE_UNISTD_H 1
#define HAVE_DLFCN_H 1
#define LT_OBJDIR ".libs/"
#define ENABLE_NLS 1
#define HAVE_GETTEXT 1
#define HAVE_DCGETTEXT 1
#define MODULE_ARCH "linux-gnu-x86_64-ver-serious-0.19"

configure: exit 0

## ---------------------- ##
## Running config.status. ##
## ---------------------- ##

This file was extended by cpu config.status 0.0.1, which was
generated by GNU Autoconf 2.69.  Invocation command line was

  CONFIG_FILES    = 
  CONFIG_HEADERS  = 
  CONFIG_LINKS    = 
  CONFIG_COMMANDS = 
  $ ./config.status 

on localhost.localdomain

config.status:1142: creating Makefile
config.status:1142: creating src/Makefile
config.status:1142: creating e_modules-cpu.spec
config.status:1142: creating module.desktop
config.status:1142: creating po/Makefile.in
config.status:1250: WARNING:  'po/Makefile.in.in' seems to ignore the --datarootdir setting
config.status:1142: creating config.h
config.status:1323: config.h is unchanged
config.status:1371: executing depfiles commands
config.status:1371: executing libtool commands
config.status:1371: executing default-1 commands
config.status:1371: executing default commands

## ---------------------- ##
## Running config.status. ##
## ---------------------- ##

This file was extended by cpu config.status 0.0.1, which was
generated by GNU Autoconf 2.69.  Invocation command line was

  CONFIG_FILES    = 
  CONFIG_HEADERS  = 
  CONFIG_LINKS    = 
  CONFIG_COMMANDS = 
  $ ./config.status config.h

on localhost.localdomain

config.status:1142: creating config.h
config.status:1323: config.h is unchanged
